mode: set
github.com/zendev-sh/zenflow/cmd/zenflow/tool/bash.go:21.27,21.52 1 1
github.com/zendev-sh/zenflow/cmd/zenflow/tool/bash.go:23.43,28.76 1 1
github.com/zendev-sh/zenflow/cmd/zenflow/tool/bash.go:28.76,34.51 2 1
github.com/zendev-sh/zenflow/cmd/zenflow/tool/bash.go:34.51,36.5 1 1
github.com/zendev-sh/zenflow/cmd/zenflow/tool/bash.go:51.4,52.28 2 1
github.com/zendev-sh/zenflow/cmd/zenflow/tool/bash.go:52.28,54.19 2 1
github.com/zendev-sh/zenflow/cmd/zenflow/tool/bash.go:54.19,56.6 1 1
github.com/zendev-sh/zenflow/cmd/zenflow/tool/bash.go:57.5,57.48 1 1
github.com/zendev-sh/zenflow/cmd/zenflow/tool/bash.go:59.4,68.21 5 1
github.com/zendev-sh/zenflow/cmd/zenflow/tool/bash.go:68.21,73.5 1 1
github.com/zendev-sh/zenflow/cmd/zenflow/tool/bash.go:73.10,73.39 1 1
github.com/zendev-sh/zenflow/cmd/zenflow/tool/bash.go:73.39,75.5 1 1
github.com/zendev-sh/zenflow/cmd/zenflow/tool/bash.go:77.4,88.37 7 1
github.com/zendev-sh/zenflow/cmd/zenflow/tool/bash.go:88.37,90.5 1 1
github.com/zendev-sh/zenflow/cmd/zenflow/tool/bash.go:92.4,92.18 1 1
github.com/zendev-sh/zenflow/cmd/zenflow/tool/bash.go:92.18,96.5 1 1
github.com/zendev-sh/zenflow/cmd/zenflow/tool/bash.go:97.4,97.24 1 1
github.com/zendev-sh/zenflow/cmd/zenflow/tool/bash.go:108.55,109.23 1 1
github.com/zendev-sh/zenflow/cmd/zenflow/tool/bash.go:109.23,111.3 1 1
github.com/zendev-sh/zenflow/cmd/zenflow/tool/bash.go:112.2,112.27 1 1
github.com/zendev-sh/zenflow/cmd/zenflow/tool/bash.go:112.27,114.3 1 1
github.com/zendev-sh/zenflow/cmd/zenflow/tool/bash.go:115.2,117.15 3 1
github.com/zendev-sh/zenflow/cmd/zenflow/tool/glob.go:13.27,13.52 1 1
github.com/zendev-sh/zenflow/cmd/zenflow/tool/glob.go:20.43,25.74 1 1
github.com/zendev-sh/zenflow/cmd/zenflow/tool/glob.go:25.74,29.51 2 1
github.com/zendev-sh/zenflow/cmd/zenflow/tool/glob.go:29.51,31.5 1 1
github.com/zendev-sh/zenflow/cmd/zenflow/tool/glob.go:33.4,33.21 1 1
github.com/zendev-sh/zenflow/cmd/zenflow/tool/glob.go:33.21,36.19 2 1
github.com/zendev-sh/zenflow/cmd/zenflow/tool/glob.go:36.19,38.6 1 1
github.com/zendev-sh/zenflow/cmd/zenflow/tool/glob.go:39.5,39.44 1 1
github.com/zendev-sh/zenflow/cmd/zenflow/tool/glob.go:44.4,45.31 2 1
github.com/zendev-sh/zenflow/cmd/zenflow/tool/glob.go:45.31,47.5 1 1
github.com/zendev-sh/zenflow/cmd/zenflow/tool/glob.go:48.4,48.86 1 1
github.com/zendev-sh/zenflow/cmd/zenflow/tool/glob.go:48.86,50.5 1 1
github.com/zendev-sh/zenflow/cmd/zenflow/tool/glob.go:53.4,55.18 3 1
github.com/zendev-sh/zenflow/cmd/zenflow/tool/glob.go:55.18,57.5 1 1
github.com/zendev-sh/zenflow/cmd/zenflow/tool/glob.go:60.4,61.30 2 1
github.com/zendev-sh/zenflow/cmd/zenflow/tool/glob.go:61.30,62.64 1 1
github.com/zendev-sh/zenflow/cmd/zenflow/tool/glob.go:62.64,64.6 1 1
github.com/zendev-sh/zenflow/cmd/zenflow/tool/glob.go:66.4,66.40 1 1
github.com/zendev-sh/zenflow/cmd/zenflow/tool/grep.go:18.27,18.52 1 1
github.com/zendev-sh/zenflow/cmd/zenflow/tool/grep.go:27.43,32.76 1 1
github.com/zendev-sh/zenflow/cmd/zenflow/tool/grep.go:32.76,38.51 2 1
github.com/zendev-sh/zenflow/cmd/zenflow/tool/grep.go:38.51,40.5 1 1
github.com/zendev-sh/zenflow/cmd/zenflow/tool/grep.go:43.4,44.21 2 1
github.com/zendev-sh/zenflow/cmd/zenflow/tool/grep.go:44.21,45.25 1 1
github.com/zendev-sh/zenflow/cmd/zenflow/tool/grep.go:45.25,47.6 1 1
github.com/zendev-sh/zenflow/cmd/zenflow/tool/grep.go:47.11,49.20 2 1
github.com/zendev-sh/zenflow/cmd/zenflow/tool/grep.go:49.20,51.7 1 1
github.com/zendev-sh/zenflow/cmd/zenflow/tool/grep.go:52.6,52.27 1 1
github.com/zendev-sh/zenflow/cmd/zenflow/tool/grep.go:60.4,60.57 1 1
github.com/zendev-sh/zenflow/cmd/zenflow/tool/grep.go:60.57,62.5 1 1
github.com/zendev-sh/zenflow/cmd/zenflow/tool/grep.go:65.4,78.37 10 1
github.com/zendev-sh/zenflow/cmd/zenflow/tool/grep.go:78.37,80.5 1 1
github.com/zendev-sh/zenflow/cmd/zenflow/tool/grep.go:82.4,82.18 1 1
github.com/zendev-sh/zenflow/cmd/zenflow/tool/grep.go:82.18,83.76 1 1
github.com/zendev-sh/zenflow/cmd/zenflow/tool/grep.go:83.76,85.6 1 1
github.com/zendev-sh/zenflow/cmd/zenflow/tool/grep.go:86.5,86.25 1 1
github.com/zendev-sh/zenflow/cmd/zenflow/tool/grep.go:88.4,88.24 1 1
github.com/zendev-sh/zenflow/cmd/zenflow/tool/grep_unix.go:22.34,23.27 1 1
github.com/zendev-sh/zenflow/cmd/zenflow/tool/grep_unix.go:23.27,25.17 2 1
github.com/zendev-sh/zenflow/cmd/zenflow/tool/grep_unix.go:25.17,28.4 2 1
github.com/zendev-sh/zenflow/cmd/zenflow/tool/grep_unix.go:29.3,29.21 1 1
github.com/zendev-sh/zenflow/cmd/zenflow/tool/grep_unix.go:31.2,31.23 1 1
github.com/zendev-sh/zenflow/cmd/zenflow/tool/grep_unix.go:37.90,39.12 2 1
github.com/zendev-sh/zenflow/cmd/zenflow/tool/grep_unix.go:39.12,41.3 1 1
github.com/zendev-sh/zenflow/cmd/zenflow/tool/grep_unix.go:42.2,43.68 2 1
github.com/zendev-sh/zenflow/cmd/zenflow/tool/platform.go:41.48,42.23 1 1
github.com/zendev-sh/zenflow/cmd/zenflow/tool/platform.go:42.23,44.3 1 1
github.com/zendev-sh/zenflow/cmd/zenflow/tool/platform.go:45.2,45.19 1 1
github.com/zendev-sh/zenflow/cmd/zenflow/tool/platform.go:62.37,63.23 1 1
github.com/zendev-sh/zenflow/cmd/zenflow/tool/platform.go:63.23,65.3 1 1
github.com/zendev-sh/zenflow/cmd/zenflow/tool/platform.go:66.2,66.12 1 1
github.com/zendev-sh/zenflow/cmd/zenflow/tool/platform.go:81.37,82.23 1 1
github.com/zendev-sh/zenflow/cmd/zenflow/tool/platform.go:82.23,89.3 1 1
github.com/zendev-sh/zenflow/cmd/zenflow/tool/platform.go:90.2,90.26 1 1
github.com/zendev-sh/zenflow/cmd/zenflow/tool/platform.go:99.36,100.23 1 1
github.com/zendev-sh/zenflow/cmd/zenflow/tool/platform.go:100.23,102.3 1 1
github.com/zendev-sh/zenflow/cmd/zenflow/tool/platform.go:103.2,103.15 1 1
github.com/zendev-sh/zenflow/cmd/zenflow/tool/platform.go:117.57,118.25 1 1
github.com/zendev-sh/zenflow/cmd/zenflow/tool/platform.go:118.25,120.13 2 1
github.com/zendev-sh/zenflow/cmd/zenflow/tool/platform.go:120.13,121.12 1 1
github.com/zendev-sh/zenflow/cmd/zenflow/tool/platform.go:123.3,123.32 1 1
github.com/zendev-sh/zenflow/cmd/zenflow/tool/platform.go:123.32,125.4 1 1
github.com/zendev-sh/zenflow/cmd/zenflow/tool/platform.go:127.2,127.18 1 1
github.com/zendev-sh/zenflow/cmd/zenflow/tool/procgroup_unix.go:10.45,12.28 2 1
github.com/zendev-sh/zenflow/cmd/zenflow/tool/procgroup_unix.go:12.28,18.25 1 1
github.com/zendev-sh/zenflow/cmd/zenflow/tool/procgroup_unix.go:18.25,20.4 1 1
github.com/zendev-sh/zenflow/cmd/zenflow/tool/procgroup_unix.go:21.3,21.57 1 1
github.com/zendev-sh/zenflow/cmd/zenflow/tool/read.go:18.27,18.52 1 1
github.com/zendev-sh/zenflow/cmd/zenflow/tool/read.go:20.43,25.74 1 1
github.com/zendev-sh/zenflow/cmd/zenflow/tool/read.go:25.74,29.51 2 1
github.com/zendev-sh/zenflow/cmd/zenflow/tool/read.go:29.51,31.5 1 1
github.com/zendev-sh/zenflow/cmd/zenflow/tool/read.go:37.4,38.18 2 1
github.com/zendev-sh/zenflow/cmd/zenflow/tool/read.go:38.18,40.5 1 1
github.com/zendev-sh/zenflow/cmd/zenflow/tool/read.go:46.4,47.18 2 1
github.com/zendev-sh/zenflow/cmd/zenflow/tool/read.go:47.18,49.5 1 1
github.com/zendev-sh/zenflow/cmd/zenflow/tool/read.go:50.4,50.17 1 1
github.com/zendev-sh/zenflow/cmd/zenflow/tool/read.go:50.17,50.34 1 1
github.com/zendev-sh/zenflow/cmd/zenflow/tool/read.go:51.4,52.18 2 1
github.com/zendev-sh/zenflow/cmd/zenflow/tool/read.go:52.18,54.5 1 1
github.com/zendev-sh/zenflow/cmd/zenflow/tool/read.go:55.4,55.31 1 1
github.com/zendev-sh/zenflow/cmd/zenflow/tool/read.go:55.31,57.5 1 1
github.com/zendev-sh/zenflow/cmd/zenflow/tool/read.go:58.4,58.28 1 1
github.com/zendev-sh/zenflow/cmd/zenflow/tool/tool.go:16.33,18.2 1 1
github.com/zendev-sh/zenflow/cmd/zenflow/tool/tool.go:33.49,41.2 1 1
github.com/zendev-sh/zenflow/cmd/zenflow/tool/tool.go:51.61,53.19 2 1
github.com/zendev-sh/zenflow/cmd/zenflow/tool/tool.go:53.19,55.3 1 1
github.com/zendev-sh/zenflow/cmd/zenflow/tool/tool.go:56.2,57.29 2 1
github.com/zendev-sh/zenflow/cmd/zenflow/tool/tool.go:57.29,59.3 1 1
github.com/zendev-sh/zenflow/cmd/zenflow/tool/tool.go:59.8,61.3 1 1
github.com/zendev-sh/zenflow/cmd/zenflow/tool/tool.go:62.2,63.16 2 1
github.com/zendev-sh/zenflow/cmd/zenflow/tool/tool.go:63.16,65.3 1 1
github.com/zendev-sh/zenflow/cmd/zenflow/tool/tool.go:66.2,66.76 1 1
github.com/zendev-sh/zenflow/cmd/zenflow/tool/tool.go:66.76,68.3 1 1
github.com/zendev-sh/zenflow/cmd/zenflow/tool/tool.go:69.2,69.17 1 1
github.com/zendev-sh/zenflow/cmd/zenflow/tool/tool.go:77.37,80.2 2 1
github.com/zendev-sh/zenflow/cmd/zenflow/tool/write.go:14.28,14.54 1 1
github.com/zendev-sh/zenflow/cmd/zenflow/tool/write.go:16.44,21.74 1 1
github.com/zendev-sh/zenflow/cmd/zenflow/tool/write.go:21.74,26.51 2 1
github.com/zendev-sh/zenflow/cmd/zenflow/tool/write.go:26.51,28.5 1 1
github.com/zendev-sh/zenflow/cmd/zenflow/tool/write.go:31.4,31.70 1 1
github.com/zendev-sh/zenflow/cmd/zenflow/tool/write.go:31.70,32.21 1 1
github.com/zendev-sh/zenflow/cmd/zenflow/tool/write.go:32.21,34.6 1 1
github.com/zendev-sh/zenflow/cmd/zenflow/tool/write.go:39.4,40.18 2 1
github.com/zendev-sh/zenflow/cmd/zenflow/tool/write.go:40.18,42.5 1 1
github.com/zendev-sh/zenflow/cmd/zenflow/tool/write.go:45.4,46.49 2 1
github.com/zendev-sh/zenflow/cmd/zenflow/tool/write.go:46.49,48.5 1 1
github.com/zendev-sh/zenflow/cmd/zenflow/tool/write.go:50.4,50.73 1 1
github.com/zendev-sh/zenflow/cmd/zenflow/tool/write.go:50.73,52.5 1 1
github.com/zendev-sh/zenflow/cmd/zenflow/tool/write.go:53.4,53.20 1 1
github.com/zendev-sh/zenflow/cmd/zenflow/main.go:51.56,52.18 1 1
github.com/zendev-sh/zenflow/cmd/zenflow/main.go:52.18,55.3 2 1
github.com/zendev-sh/zenflow/cmd/zenflow/main.go:56.2,57.12 2 1
github.com/zendev-sh/zenflow/cmd/zenflow/main.go:57.12,60.3 2 1
github.com/zendev-sh/zenflow/cmd/zenflow/main.go:61.2,63.9 3 1
github.com/zendev-sh/zenflow/cmd/zenflow/main.go:64.14,65.9 1 1
github.com/zendev-sh/zenflow/cmd/zenflow/main.go:66.24,70.12 4 1
github.com/zendev-sh/zenflow/cmd/zenflow/main.go:76.39,78.16 2 1
github.com/zendev-sh/zenflow/cmd/zenflow/main.go:78.16,80.3 1 1
github.com/zendev-sh/zenflow/cmd/zenflow/main.go:81.2,81.48 1 1
github.com/zendev-sh/zenflow/cmd/zenflow/main.go:103.38,103.56 1 1
github.com/zendev-sh/zenflow/cmd/zenflow/main.go:106.38,106.57 1 1
github.com/zendev-sh/zenflow/cmd/zenflow/main.go:117.42,119.45 2 1
github.com/zendev-sh/zenflow/cmd/zenflow/main.go:119.45,121.18 2 1
github.com/zendev-sh/zenflow/cmd/zenflow/main.go:121.18,123.5 1 0
github.com/zendev-sh/zenflow/cmd/zenflow/main.go:124.4,124.28 1 1
github.com/zendev-sh/zenflow/cmd/zenflow/main.go:126.3,126.17 1 1
github.com/zendev-sh/zenflow/cmd/zenflow/main.go:129.63,129.94 1 1
github.com/zendev-sh/zenflow/cmd/zenflow/main.go:136.149,138.3 1 1
github.com/zendev-sh/zenflow/cmd/zenflow/main.go:139.138,141.3 1 1
github.com/zendev-sh/zenflow/cmd/zenflow/main.go:142.140,144.3 1 1
github.com/zendev-sh/zenflow/cmd/zenflow/main.go:145.109,147.3 1 1
github.com/zendev-sh/zenflow/cmd/zenflow/main.go:171.50,183.25 4 1
github.com/zendev-sh/zenflow/cmd/zenflow/main.go:183.25,184.16 1 1
github.com/zendev-sh/zenflow/cmd/zenflow/main.go:184.16,186.12 2 1
github.com/zendev-sh/zenflow/cmd/zenflow/main.go:188.3,188.21 1 1
github.com/zendev-sh/zenflow/cmd/zenflow/main.go:188.21,190.4 1 1
github.com/zendev-sh/zenflow/cmd/zenflow/main.go:191.3,191.72 1 1
github.com/zendev-sh/zenflow/cmd/zenflow/main.go:191.72,193.12 2 1
github.com/zendev-sh/zenflow/cmd/zenflow/main.go:195.3,195.37 1 1
github.com/zendev-sh/zenflow/cmd/zenflow/main.go:197.2,198.33 2 1
github.com/zendev-sh/zenflow/cmd/zenflow/main.go:198.33,199.18 1 1
github.com/zendev-sh/zenflow/cmd/zenflow/main.go:200.18,202.22 2 1
github.com/zendev-sh/zenflow/cmd/zenflow/main.go:202.22,204.5 1 1
github.com/zendev-sh/zenflow/cmd/zenflow/main.go:205.4,205.21 1 1
github.com/zendev-sh/zenflow/cmd/zenflow/main.go:206.20,208.22 2 1
github.com/zendev-sh/zenflow/cmd/zenflow/main.go:208.22,210.5 1 1
github.com/zendev-sh/zenflow/cmd/zenflow/main.go:211.4,212.18 2 1
github.com/zendev-sh/zenflow/cmd/zenflow/main.go:212.18,214.5 1 1
github.com/zendev-sh/zenflow/cmd/zenflow/main.go:215.4,215.13 1 1
github.com/zendev-sh/zenflow/cmd/zenflow/main.go:215.13,217.5 1 1
github.com/zendev-sh/zenflow/cmd/zenflow/main.go:218.4,218.17 1 1
github.com/zendev-sh/zenflow/cmd/zenflow/main.go:219.28,221.22 2 1
github.com/zendev-sh/zenflow/cmd/zenflow/main.go:221.22,223.5 1 1
github.com/zendev-sh/zenflow/cmd/zenflow/main.go:224.4,225.18 2 1
github.com/zendev-sh/zenflow/cmd/zenflow/main.go:225.18,227.5 1 1
github.com/zendev-sh/zenflow/cmd/zenflow/main.go:228.4,228.13 1 1
github.com/zendev-sh/zenflow/cmd/zenflow/main.go:228.13,230.5 1 1
github.com/zendev-sh/zenflow/cmd/zenflow/main.go:231.4,231.24 1 1
github.com/zendev-sh/zenflow/cmd/zenflow/main.go:232.24,234.22 2 1
github.com/zendev-sh/zenflow/cmd/zenflow/main.go:234.22,236.5 1 1
github.com/zendev-sh/zenflow/cmd/zenflow/main.go:237.4,238.18 2 1
github.com/zendev-sh/zenflow/cmd/zenflow/main.go:238.18,240.5 1 1
github.com/zendev-sh/zenflow/cmd/zenflow/main.go:241.4,241.13 1 1
github.com/zendev-sh/zenflow/cmd/zenflow/main.go:241.13,243.5 1 1
github.com/zendev-sh/zenflow/cmd/zenflow/main.go:244.4,244.20 1 1
github.com/zendev-sh/zenflow/cmd/zenflow/main.go:245.22,252.22 2 1
github.com/zendev-sh/zenflow/cmd/zenflow/main.go:252.22,254.5 1 1
github.com/zendev-sh/zenflow/cmd/zenflow/main.go:255.4,256.18 2 1
github.com/zendev-sh/zenflow/cmd/zenflow/main.go:256.18,258.5 1 1
github.com/zendev-sh/zenflow/cmd/zenflow/main.go:259.4,259.13 1 1
github.com/zendev-sh/zenflow/cmd/zenflow/main.go:259.13,261.5 1 1
github.com/zendev-sh/zenflow/cmd/zenflow/main.go:262.4,262.18 1 1
github.com/zendev-sh/zenflow/cmd/zenflow/main.go:263.17,264.23 1 1
github.com/zendev-sh/zenflow/cmd/zenflow/main.go:265.20,266.20 1 1
github.com/zendev-sh/zenflow/cmd/zenflow/main.go:267.19,269.22 2 1
github.com/zendev-sh/zenflow/cmd/zenflow/main.go:269.22,271.5 1 1
github.com/zendev-sh/zenflow/cmd/zenflow/main.go:272.4,272.22 1 1
github.com/zendev-sh/zenflow/cmd/zenflow/main.go:273.18,274.18 1 1
github.com/zendev-sh/zenflow/cmd/zenflow/main.go:275.19,276.19 1 1
github.com/zendev-sh/zenflow/cmd/zenflow/main.go:277.17,278.21 1 1
github.com/zendev-sh/zenflow/cmd/zenflow/main.go:279.18,280.18 1 1
github.com/zendev-sh/zenflow/cmd/zenflow/main.go:281.25,282.24 1 1
github.com/zendev-sh/zenflow/cmd/zenflow/main.go:283.20,285.22 2 1
github.com/zendev-sh/zenflow/cmd/zenflow/main.go:285.22,287.5 1 1
github.com/zendev-sh/zenflow/cmd/zenflow/main.go:288.4,288.23 1 1
github.com/zendev-sh/zenflow/cmd/zenflow/main.go:289.21,291.22 2 1
github.com/zendev-sh/zenflow/cmd/zenflow/main.go:291.22,293.5 1 1
github.com/zendev-sh/zenflow/cmd/zenflow/main.go:294.4,294.19 1 1
github.com/zendev-sh/zenflow/cmd/zenflow/main.go:295.40,296.25 1 1
github.com/zendev-sh/zenflow/cmd/zenflow/main.go:297.12,298.92 1 1
github.com/zendev-sh/zenflow/cmd/zenflow/main.go:300.11,301.40 1 1
github.com/zendev-sh/zenflow/cmd/zenflow/main.go:301.40,303.5 1 1
github.com/zendev-sh/zenflow/cmd/zenflow/main.go:304.4,304.53 1 1
github.com/zendev-sh/zenflow/cmd/zenflow/main.go:307.2,307.15 1 1
github.com/zendev-sh/zenflow/cmd/zenflow/main.go:315.33,317.2 1 1
github.com/zendev-sh/zenflow/cmd/zenflow/main.go:323.42,324.25 1 1
github.com/zendev-sh/zenflow/cmd/zenflow/main.go:324.25,325.19 1 1
github.com/zendev-sh/zenflow/cmd/zenflow/main.go:325.19,327.4 1 1
github.com/zendev-sh/zenflow/cmd/zenflow/main.go:329.2,329.14 1 1
github.com/zendev-sh/zenflow/cmd/zenflow/main.go:358.63,359.20 1 1
github.com/zendev-sh/zenflow/cmd/zenflow/main.go:359.20,361.3 1 1
github.com/zendev-sh/zenflow/cmd/zenflow/main.go:362.2,362.37 1 1
github.com/zendev-sh/zenflow/cmd/zenflow/main.go:362.37,364.3 1 1
github.com/zendev-sh/zenflow/cmd/zenflow/main.go:365.2,365.26 1 1
github.com/zendev-sh/zenflow/cmd/zenflow/main.go:383.41,384.19 1 1
github.com/zendev-sh/zenflow/cmd/zenflow/main.go:384.19,386.3 1 1
github.com/zendev-sh/zenflow/cmd/zenflow/main.go:387.2,388.16 2 1
github.com/zendev-sh/zenflow/cmd/zenflow/main.go:388.16,390.3 1 1
github.com/zendev-sh/zenflow/cmd/zenflow/main.go:391.2,392.16 2 1
github.com/zendev-sh/zenflow/cmd/zenflow/main.go:392.16,394.3 1 1
github.com/zendev-sh/zenflow/cmd/zenflow/main.go:395.2,395.19 1 1
github.com/zendev-sh/zenflow/cmd/zenflow/main.go:395.19,397.3 1 1
github.com/zendev-sh/zenflow/cmd/zenflow/main.go:402.2,402.58 1 1
github.com/zendev-sh/zenflow/cmd/zenflow/main.go:402.58,404.3 1 1
github.com/zendev-sh/zenflow/cmd/zenflow/main.go:405.2,405.38 1 1
github.com/zendev-sh/zenflow/cmd/zenflow/main.go:405.38,407.3 1 1
github.com/zendev-sh/zenflow/cmd/zenflow/main.go:408.2,408.12 1 1
github.com/zendev-sh/zenflow/cmd/zenflow/main.go:414.47,416.6 2 1
github.com/zendev-sh/zenflow/cmd/zenflow/main.go:416.6,418.50 2 1
github.com/zendev-sh/zenflow/cmd/zenflow/main.go:418.50,421.50 1 1
github.com/zendev-sh/zenflow/cmd/zenflow/main.go:421.50,423.90 2 1
github.com/zendev-sh/zenflow/cmd/zenflow/main.go:423.90,425.6 1 1
github.com/zendev-sh/zenflow/cmd/zenflow/main.go:428.3,429.20 2 1
github.com/zendev-sh/zenflow/cmd/zenflow/main.go:429.20,431.4 1 1
github.com/zendev-sh/zenflow/cmd/zenflow/main.go:432.3,432.15 1 1
github.com/zendev-sh/zenflow/cmd/zenflow/main.go:440.73,442.21 1 1
github.com/zendev-sh/zenflow/cmd/zenflow/main.go:442.21,444.3 1 1
github.com/zendev-sh/zenflow/cmd/zenflow/main.go:445.2,445.21 1 1
github.com/zendev-sh/zenflow/cmd/zenflow/main.go:445.21,447.3 1 1
github.com/zendev-sh/zenflow/cmd/zenflow/main.go:450.2,458.41 2 1
github.com/zendev-sh/zenflow/cmd/zenflow/main.go:458.41,460.3 1 1
github.com/zendev-sh/zenflow/cmd/zenflow/main.go:467.2,467.37 1 1
github.com/zendev-sh/zenflow/cmd/zenflow/main.go:467.37,469.3 1 1
github.com/zendev-sh/zenflow/cmd/zenflow/main.go:471.2,472.23 2 1
github.com/zendev-sh/zenflow/cmd/zenflow/main.go:482.59,483.35 1 1
github.com/zendev-sh/zenflow/cmd/zenflow/main.go:483.35,485.3 1 1
github.com/zendev-sh/zenflow/cmd/zenflow/main.go:486.2,487.15 2 1
github.com/zendev-sh/zenflow/cmd/zenflow/main.go:488.13,489.16 1 1
github.com/zendev-sh/zenflow/cmd/zenflow/main.go:490.16,491.16 1 1
github.com/zendev-sh/zenflow/cmd/zenflow/main.go:492.14,493.17 1 1
github.com/zendev-sh/zenflow/cmd/zenflow/main.go:494.10,495.13 1 1
github.com/zendev-sh/zenflow/cmd/zenflow/main.go:497.2,521.3 1 1
github.com/zendev-sh/zenflow/cmd/zenflow/main.go:526.72,527.22 1 1
github.com/zendev-sh/zenflow/cmd/zenflow/main.go:528.16,529.30 1 1
github.com/zendev-sh/zenflow/cmd/zenflow/main.go:530.17,531.31 1 1
github.com/zendev-sh/zenflow/cmd/zenflow/main.go:532.15,544.29 1 1
github.com/zendev-sh/zenflow/cmd/zenflow/main.go:545.26,553.66 1 1
github.com/zendev-sh/zenflow/cmd/zenflow/main.go:554.16,562.30 1 1
github.com/zendev-sh/zenflow/cmd/zenflow/main.go:563.26,567.39 1 1
github.com/zendev-sh/zenflow/cmd/zenflow/main.go:568.10,570.41 1 1
github.com/zendev-sh/zenflow/cmd/zenflow/main.go:584.52,586.22 2 1
github.com/zendev-sh/zenflow/cmd/zenflow/main.go:586.22,587.15 1 1
github.com/zendev-sh/zenflow/cmd/zenflow/main.go:587.15,589.4 1 1
github.com/zendev-sh/zenflow/cmd/zenflow/main.go:591.2,591.14 1 1
github.com/zendev-sh/zenflow/cmd/zenflow/main.go:604.57,611.40 3 1
github.com/zendev-sh/zenflow/cmd/zenflow/main.go:611.40,612.39 1 1
github.com/zendev-sh/zenflow/cmd/zenflow/main.go:612.39,614.4 1 1
github.com/zendev-sh/zenflow/cmd/zenflow/main.go:616.2,616.14 1 1
github.com/zendev-sh/zenflow/cmd/zenflow/main.go:621.70,626.9 4 1
github.com/zendev-sh/zenflow/cmd/zenflow/main.go:627.57,628.16 1 1
github.com/zendev-sh/zenflow/cmd/zenflow/main.go:628.16,630.4 1 1
github.com/zendev-sh/zenflow/cmd/zenflow/main.go:631.46,638.17 1 1
github.com/zendev-sh/zenflow/cmd/zenflow/main.go:638.17,640.4 1 1
github.com/zendev-sh/zenflow/cmd/zenflow/main.go:641.54,642.15 1 1
github.com/zendev-sh/zenflow/cmd/zenflow/main.go:642.15,644.4 1 1
github.com/zendev-sh/zenflow/cmd/zenflow/main.go:645.57,646.15 1 1
github.com/zendev-sh/zenflow/cmd/zenflow/main.go:646.15,648.4 1 1
github.com/zendev-sh/zenflow/cmd/zenflow/main.go:649.10,650.15 1 1
github.com/zendev-sh/zenflow/cmd/zenflow/main.go:650.15,652.4 1 1
github.com/zendev-sh/zenflow/cmd/zenflow/main.go:656.2,656.15 1 1
github.com/zendev-sh/zenflow/cmd/zenflow/main.go:656.15,658.3 1 1
github.com/zendev-sh/zenflow/cmd/zenflow/main.go:659.2,659.14 1 1
github.com/zendev-sh/zenflow/cmd/zenflow/main.go:659.14,661.3 1 1
github.com/zendev-sh/zenflow/cmd/zenflow/main.go:662.2,662.16 1 1
github.com/zendev-sh/zenflow/cmd/zenflow/main.go:662.16,664.3 1 1
github.com/zendev-sh/zenflow/cmd/zenflow/main.go:665.2,665.12 1 1
github.com/zendev-sh/zenflow/cmd/zenflow/main.go:675.61,677.22 2 1
github.com/zendev-sh/zenflow/cmd/zenflow/main.go:677.22,679.3 1 1
github.com/zendev-sh/zenflow/cmd/zenflow/main.go:679.8,683.3 1 1
github.com/zendev-sh/zenflow/cmd/zenflow/main.go:684.2,685.30 2 1
github.com/zendev-sh/zenflow/cmd/zenflow/main.go:685.30,687.3 1 1
github.com/zendev-sh/zenflow/cmd/zenflow/main.go:688.2,688.17 1 1
github.com/zendev-sh/zenflow/cmd/zenflow/main.go:688.17,691.3 2 1
github.com/zendev-sh/zenflow/cmd/zenflow/main.go:695.2,695.66 1 1
github.com/zendev-sh/zenflow/cmd/zenflow/main.go:695.66,697.20 2 1
github.com/zendev-sh/zenflow/cmd/zenflow/main.go:697.20,699.4 1 1
github.com/zendev-sh/zenflow/cmd/zenflow/main.go:700.8,700.30 1 1
github.com/zendev-sh/zenflow/cmd/zenflow/main.go:700.30,703.3 1 1
github.com/zendev-sh/zenflow/cmd/zenflow/main.go:712.2,713.25 2 1
github.com/zendev-sh/zenflow/cmd/zenflow/main.go:713.25,714.57 1 1
github.com/zendev-sh/zenflow/cmd/zenflow/main.go:714.57,716.4 1 1
github.com/zendev-sh/zenflow/cmd/zenflow/main.go:717.8,717.47 1 1
github.com/zendev-sh/zenflow/cmd/zenflow/main.go:717.47,719.3 1 1
github.com/zendev-sh/zenflow/cmd/zenflow/main.go:720.2,723.27 2 1
github.com/zendev-sh/zenflow/cmd/zenflow/main.go:723.27,725.3 1 1
github.com/zendev-sh/zenflow/cmd/zenflow/main.go:733.2,733.24 1 1
github.com/zendev-sh/zenflow/cmd/zenflow/main.go:733.24,735.3 1 1
github.com/zendev-sh/zenflow/cmd/zenflow/main.go:741.2,741.62 1 1
github.com/zendev-sh/zenflow/cmd/zenflow/main.go:741.62,743.3 1 1
github.com/zendev-sh/zenflow/cmd/zenflow/main.go:746.2,752.18 2 1
github.com/zendev-sh/zenflow/cmd/zenflow/main.go:752.18,754.3 1 1
github.com/zendev-sh/zenflow/cmd/zenflow/main.go:755.2,755.19 1 1
github.com/zendev-sh/zenflow/cmd/zenflow/main.go:755.19,757.3 1 1
github.com/zendev-sh/zenflow/cmd/zenflow/main.go:763.2,763.13 1 1
github.com/zendev-sh/zenflow/cmd/zenflow/main.go:769.94,772.2 2 1
github.com/zendev-sh/zenflow/cmd/zenflow/main.go:786.53,787.18 1 1
github.com/zendev-sh/zenflow/cmd/zenflow/main.go:787.18,788.17 1 1
github.com/zendev-sh/zenflow/cmd/zenflow/main.go:788.18,788.19 0 1
github.com/zendev-sh/zenflow/cmd/zenflow/main.go:790.2,792.16 3 1
github.com/zendev-sh/zenflow/cmd/zenflow/main.go:792.16,794.17 2 1
github.com/zendev-sh/zenflow/cmd/zenflow/main.go:794.18,794.19 0 1
github.com/zendev-sh/zenflow/cmd/zenflow/main.go:796.2,796.16 1 1
github.com/zendev-sh/zenflow/cmd/zenflow/main.go:796.16,799.43 3 1
github.com/zendev-sh/zenflow/cmd/zenflow/main.go:799.43,801.4 1 1
github.com/zendev-sh/zenflow/cmd/zenflow/main.go:832.107,833.16 1 1
github.com/zendev-sh/zenflow/cmd/zenflow/main.go:833.16,835.3 1 1
github.com/zendev-sh/zenflow/cmd/zenflow/main.go:836.2,836.17 1 1
github.com/zendev-sh/zenflow/cmd/zenflow/main.go:836.17,838.3 1 1
github.com/zendev-sh/zenflow/cmd/zenflow/main.go:839.2,839.23 1 1
github.com/zendev-sh/zenflow/cmd/zenflow/main.go:839.23,842.3 2 1
github.com/zendev-sh/zenflow/cmd/zenflow/main.go:843.2,844.48 2 1
github.com/zendev-sh/zenflow/cmd/zenflow/main.go:864.102,865.19 1 1
github.com/zendev-sh/zenflow/cmd/zenflow/main.go:865.19,866.17 1 1
github.com/zendev-sh/zenflow/cmd/zenflow/main.go:866.18,866.19 0 1
github.com/zendev-sh/zenflow/cmd/zenflow/main.go:868.2,870.12 3 1
github.com/zendev-sh/zenflow/cmd/zenflow/main.go:870.12,908.7 4 1
github.com/zendev-sh/zenflow/cmd/zenflow/main.go:908.7,916.46 2 1
github.com/zendev-sh/zenflow/cmd/zenflow/main.go:916.46,921.5 1 1
github.com/zendev-sh/zenflow/cmd/zenflow/main.go:922.4,922.51 1 1
github.com/zendev-sh/zenflow/cmd/zenflow/main.go:922.51,924.5 1 1
github.com/zendev-sh/zenflow/cmd/zenflow/main.go:925.4,925.89 1 1
github.com/zendev-sh/zenflow/cmd/zenflow/main.go:928.2,928.16 1 1
github.com/zendev-sh/zenflow/cmd/zenflow/main.go:928.16,932.10 4 1
github.com/zendev-sh/zenflow/cmd/zenflow/main.go:933.15,933.15 0 1
github.com/zendev-sh/zenflow/cmd/zenflow/main.go:934.30,934.30 0 0
github.com/zendev-sh/zenflow/cmd/zenflow/main.go:948.15,950.55 1 1
github.com/zendev-sh/zenflow/cmd/zenflow/main.go:950.55,952.3 1 1
github.com/zendev-sh/zenflow/cmd/zenflow/main.go:954.2,954.31 1 1
github.com/zendev-sh/zenflow/cmd/zenflow/main.go:954.31,955.22 1 1
github.com/zendev-sh/zenflow/cmd/zenflow/main.go:955.22,957.4 1 1
github.com/zendev-sh/zenflow/cmd/zenflow/main.go:959.2,960.22 2 1
github.com/zendev-sh/zenflow/cmd/zenflow/main.go:964.40,966.16 2 1
github.com/zendev-sh/zenflow/cmd/zenflow/main.go:966.16,968.3 1 1
github.com/zendev-sh/zenflow/cmd/zenflow/main.go:969.2,969.47 1 1
github.com/zendev-sh/zenflow/cmd/zenflow/main.go:972.13,974.16 2 1
github.com/zendev-sh/zenflow/cmd/zenflow/main.go:974.16,978.3 3 1
github.com/zendev-sh/zenflow/cmd/zenflow/main.go:979.2,979.14 1 1
github.com/zendev-sh/zenflow/cmd/zenflow/main.go:980.30,982.9 2 1
github.com/zendev-sh/zenflow/cmd/zenflow/main.go:983.36,998.17 2 1
github.com/zendev-sh/zenflow/cmd/zenflow/main.go:998.17,999.39 1 1
github.com/zendev-sh/zenflow/cmd/zenflow/main.go:999.39,1000.66 1 1
github.com/zendev-sh/zenflow/cmd/zenflow/main.go:1000.66,1002.6 1 1
github.com/zendev-sh/zenflow/cmd/zenflow/main.go:1003.5,1003.37 1 1
github.com/zendev-sh/zenflow/cmd/zenflow/main.go:1003.37,1004.19 1 1
github.com/zendev-sh/zenflow/cmd/zenflow/main.go:1005.26,1006.28 1 1
github.com/zendev-sh/zenflow/cmd/zenflow/main.go:1006.28,1008.8 1 1
github.com/zendev-sh/zenflow/cmd/zenflow/main.go:1008.13,1008.31 1 1
github.com/zendev-sh/zenflow/cmd/zenflow/main.go:1008.31,1010.8 1 1
github.com/zendev-sh/zenflow/cmd/zenflow/main.go:1011.22,1012.24 1 1
github.com/zendev-sh/zenflow/cmd/zenflow/main.go:1012.24,1014.8 1 1
github.com/zendev-sh/zenflow/cmd/zenflow/main.go:1019.3,1019.39 1 1
github.com/zendev-sh/zenflow/cmd/zenflow/main.go:1019.39,1021.4 1 1
github.com/zendev-sh/zenflow/cmd/zenflow/main.go:1021.9,1023.4 1 1
github.com/zendev-sh/zenflow/cmd/zenflow/main.go:1024.3,1024.9 1 1
github.com/zendev-sh/zenflow/cmd/zenflow/main.go:1026.2,1027.14 2 1
github.com/zendev-sh/zenflow/cmd/zenflow/main.go:1028.18,1029.16 1 1
github.com/zendev-sh/zenflow/cmd/zenflow/main.go:1030.14,1031.12 1 1
github.com/zendev-sh/zenflow/cmd/zenflow/main.go:1032.14,1033.12 1 1
github.com/zendev-sh/zenflow/cmd/zenflow/main.go:1034.14,1035.12 1 1
github.com/zendev-sh/zenflow/cmd/zenflow/main.go:1036.15,1037.13 1 1
github.com/zendev-sh/zenflow/cmd/zenflow/main.go:1038.10,1041.10 3 1
github.com/zendev-sh/zenflow/cmd/zenflow/main.go:1045.25,1086.2 40 1
github.com/zendev-sh/zenflow/cmd/zenflow/main.go:1088.20,1090.16 2 1
github.com/zendev-sh/zenflow/cmd/zenflow/main.go:1090.16,1094.3 3 1
github.com/zendev-sh/zenflow/cmd/zenflow/main.go:1095.2,1095.28 1 1
github.com/zendev-sh/zenflow/cmd/zenflow/main.go:1095.28,1098.3 2 1
github.com/zendev-sh/zenflow/cmd/zenflow/main.go:1099.2,1100.16 2 1
github.com/zendev-sh/zenflow/cmd/zenflow/main.go:1100.16,1104.3 3 1
github.com/zendev-sh/zenflow/cmd/zenflow/main.go:1105.2,1105.35 1 1
github.com/zendev-sh/zenflow/cmd/zenflow/main.go:1108.16,1110.16 2 1
github.com/zendev-sh/zenflow/cmd/zenflow/main.go:1110.16,1114.3 3 1
github.com/zendev-sh/zenflow/cmd/zenflow/main.go:1115.2,1115.28 1 1
github.com/zendev-sh/zenflow/cmd/zenflow/main.go:1115.28,1118.3 2 1
github.com/zendev-sh/zenflow/cmd/zenflow/main.go:1119.2,1120.16 2 1
github.com/zendev-sh/zenflow/cmd/zenflow/main.go:1120.16,1124.3 3 1
github.com/zendev-sh/zenflow/cmd/zenflow/main.go:1125.2,1125.43 1 1
github.com/zendev-sh/zenflow/cmd/zenflow/main.go:1128.16,1130.16 2 1
github.com/zendev-sh/zenflow/cmd/zenflow/main.go:1130.16,1134.3 3 1
github.com/zendev-sh/zenflow/cmd/zenflow/main.go:1135.2,1135.28 1 1
github.com/zendev-sh/zenflow/cmd/zenflow/main.go:1135.28,1138.3 2 1
github.com/zendev-sh/zenflow/cmd/zenflow/main.go:1142.2,1146.16 3 1
github.com/zendev-sh/zenflow/cmd/zenflow/main.go:1146.16,1150.3 3 1
github.com/zendev-sh/zenflow/cmd/zenflow/main.go:1151.2,1152.16 2 1
github.com/zendev-sh/zenflow/cmd/zenflow/main.go:1152.16,1156.3 3 1
github.com/zendev-sh/zenflow/cmd/zenflow/main.go:1158.2,1159.29 2 1
github.com/zendev-sh/zenflow/cmd/zenflow/main.go:1159.29,1160.57 1 1
github.com/zendev-sh/zenflow/cmd/zenflow/main.go:1160.57,1162.4 1 1
github.com/zendev-sh/zenflow/cmd/zenflow/main.go:1164.2,1164.52 1 1
github.com/zendev-sh/zenflow/cmd/zenflow/main.go:1164.52,1168.3 3 1
github.com/zendev-sh/zenflow/cmd/zenflow/main.go:1169.2,1170.16 2 1
github.com/zendev-sh/zenflow/cmd/zenflow/main.go:1170.16,1174.3 3 1
github.com/zendev-sh/zenflow/cmd/zenflow/main.go:1178.2,1178.23 1 1
github.com/zendev-sh/zenflow/cmd/zenflow/main.go:1178.23,1179.38 1 1
github.com/zendev-sh/zenflow/cmd/zenflow/main.go:1179.38,1182.4 2 1
github.com/zendev-sh/zenflow/cmd/zenflow/main.go:1183.3,1183.27 1 1
github.com/zendev-sh/zenflow/cmd/zenflow/main.go:1183.27,1185.4 1 1
github.com/zendev-sh/zenflow/cmd/zenflow/main.go:1190.2,1208.20 11 1
github.com/zendev-sh/zenflow/cmd/zenflow/main.go:1208.20,1212.3 3 1
github.com/zendev-sh/zenflow/cmd/zenflow/main.go:1213.2,1219.23 4 1
github.com/zendev-sh/zenflow/cmd/zenflow/main.go:1219.23,1223.3 3 1
github.com/zendev-sh/zenflow/cmd/zenflow/main.go:1227.2,1231.23 4 1
github.com/zendev-sh/zenflow/cmd/zenflow/main.go:1231.23,1233.3 1 1
github.com/zendev-sh/zenflow/cmd/zenflow/main.go:1234.2,1235.40 2 1
github.com/zendev-sh/zenflow/cmd/zenflow/main.go:1235.40,1236.25 1 1
github.com/zendev-sh/zenflow/cmd/zenflow/main.go:1236.25,1238.4 1 1
github.com/zendev-sh/zenflow/cmd/zenflow/main.go:1238.9,1240.4 1 1
github.com/zendev-sh/zenflow/cmd/zenflow/main.go:1242.2,1242.16 1 1
github.com/zendev-sh/zenflow/cmd/zenflow/main.go:1242.16,1246.3 3 1
github.com/zendev-sh/zenflow/cmd/zenflow/main.go:1248.2,1248.45 1 1
github.com/zendev-sh/zenflow/cmd/zenflow/main.go:1248.45,1250.3 1 1
github.com/zendev-sh/zenflow/cmd/zenflow/main.go:1258.2,1258.61 1 1
github.com/zendev-sh/zenflow/cmd/zenflow/main.go:1258.61,1260.22 2 1
github.com/zendev-sh/zenflow/cmd/zenflow/main.go:1260.22,1265.4 4 1
github.com/zendev-sh/zenflow/cmd/zenflow/main.go:1267.2,1267.85 1 1
github.com/zendev-sh/zenflow/cmd/zenflow/main.go:1267.85,1269.3 1 1
github.com/zendev-sh/zenflow/cmd/zenflow/main.go:1276.83,1277.19 1 1
github.com/zendev-sh/zenflow/cmd/zenflow/main.go:1277.19,1279.3 1 1
github.com/zendev-sh/zenflow/cmd/zenflow/main.go:1280.2,1280.26 1 1
github.com/zendev-sh/zenflow/cmd/zenflow/main.go:1280.26,1282.3 1 1
github.com/zendev-sh/zenflow/cmd/zenflow/main.go:1283.2,1283.60 1 1
github.com/zendev-sh/zenflow/cmd/zenflow/main.go:1283.60,1285.3 1 1
github.com/zendev-sh/zenflow/cmd/zenflow/main.go:1289.2,1290.29 2 1
github.com/zendev-sh/zenflow/cmd/zenflow/main.go:1290.29,1291.33 1 1
github.com/zendev-sh/zenflow/cmd/zenflow/main.go:1291.33,1293.4 1 1
github.com/zendev-sh/zenflow/cmd/zenflow/main.go:1295.2,1296.29 2 1
github.com/zendev-sh/zenflow/cmd/zenflow/main.go:1296.29,1297.40 1 1
github.com/zendev-sh/zenflow/cmd/zenflow/main.go:1297.40,1298.12 1 1
github.com/zendev-sh/zenflow/cmd/zenflow/main.go:1300.3,1300.110 1 1
github.com/zendev-sh/zenflow/cmd/zenflow/main.go:1300.110,1302.4 1 1
github.com/zendev-sh/zenflow/cmd/zenflow/main.go:1304.2,1304.21 1 1
github.com/zendev-sh/zenflow/cmd/zenflow/main.go:1307.16,1309.16 2 1
github.com/zendev-sh/zenflow/cmd/zenflow/main.go:1309.16,1313.3 3 1
github.com/zendev-sh/zenflow/cmd/zenflow/main.go:1314.2,1314.28 1 1
github.com/zendev-sh/zenflow/cmd/zenflow/main.go:1314.28,1317.3 2 1
github.com/zendev-sh/zenflow/cmd/zenflow/main.go:1318.2,1325.16 4 1
github.com/zendev-sh/zenflow/cmd/zenflow/main.go:1325.16,1329.3 3 1
github.com/zendev-sh/zenflow/cmd/zenflow/main.go:1330.2,1331.16 2 1
github.com/zendev-sh/zenflow/cmd/zenflow/main.go:1331.16,1335.3 3 1
github.com/zendev-sh/zenflow/cmd/zenflow/main.go:1336.2,1336.24 1 1
github.com/zendev-sh/zenflow/cmd/zenflow/main.go:1336.24,1340.3 3 1
github.com/zendev-sh/zenflow/cmd/zenflow/main.go:1341.2,1341.20 1 1
github.com/zendev-sh/zenflow/cmd/zenflow/main.go:1341.20,1345.3 3 1
github.com/zendev-sh/zenflow/cmd/zenflow/main.go:1346.2,1346.48 1 1
github.com/zendev-sh/zenflow/cmd/zenflow/main.go:1346.48,1350.3 3 1
github.com/zendev-sh/zenflow/cmd/zenflow/main.go:1350.8,1350.24 1 1
github.com/zendev-sh/zenflow/cmd/zenflow/main.go:1350.24,1352.3 1 1
github.com/zendev-sh/zenflow/cmd/zenflow/main.go:1353.2,1353.52 1 1
github.com/zendev-sh/zenflow/cmd/zenflow/main.go:1353.52,1357.3 3 1
github.com/zendev-sh/zenflow/cmd/zenflow/main.go:1361.2,1371.20 9 1
github.com/zendev-sh/zenflow/cmd/zenflow/main.go:1371.20,1375.3 3 1
github.com/zendev-sh/zenflow/cmd/zenflow/main.go:1376.2,1382.23 4 1
github.com/zendev-sh/zenflow/cmd/zenflow/main.go:1382.23,1386.3 3 1
github.com/zendev-sh/zenflow/cmd/zenflow/main.go:1387.2,1391.23 4 1
github.com/zendev-sh/zenflow/cmd/zenflow/main.go:1391.23,1393.3 1 1
github.com/zendev-sh/zenflow/cmd/zenflow/main.go:1394.2,1395.40 2 1
github.com/zendev-sh/zenflow/cmd/zenflow/main.go:1395.40,1397.3 1 1
github.com/zendev-sh/zenflow/cmd/zenflow/main.go:1398.2,1398.16 1 1
github.com/zendev-sh/zenflow/cmd/zenflow/main.go:1398.16,1400.30 2 1
github.com/zendev-sh/zenflow/cmd/zenflow/main.go:1400.30,1403.4 2 1
github.com/zendev-sh/zenflow/cmd/zenflow/main.go:1404.3,1405.9 2 1
github.com/zendev-sh/zenflow/cmd/zenflow/main.go:1407.2,1407.85 1 1
github.com/zendev-sh/zenflow/cmd/zenflow/main.go:1407.85,1409.3 1 1
github.com/zendev-sh/zenflow/cmd/zenflow/main.go:1414.41,1419.2 4 1
github.com/zendev-sh/zenflow/cmd/zenflow/main.go:1421.17,1423.16 2 1
github.com/zendev-sh/zenflow/cmd/zenflow/main.go:1423.16,1427.3 3 1
github.com/zendev-sh/zenflow/cmd/zenflow/main.go:1428.2,1428.28 1 1
github.com/zendev-sh/zenflow/cmd/zenflow/main.go:1428.28,1431.3 2 1
github.com/zendev-sh/zenflow/cmd/zenflow/main.go:1432.2,1438.30 3 1
github.com/zendev-sh/zenflow/cmd/zenflow/main.go:1438.30,1439.15 1 1
github.com/zendev-sh/zenflow/cmd/zenflow/main.go:1440.22,1442.19 2 1
github.com/zendev-sh/zenflow/cmd/zenflow/main.go:1442.19,1446.5 3 1
github.com/zendev-sh/zenflow/cmd/zenflow/main.go:1447.4,1448.18 2 1
github.com/zendev-sh/zenflow/cmd/zenflow/main.go:1448.18,1452.5 3 1
github.com/zendev-sh/zenflow/cmd/zenflow/main.go:1453.4,1453.13 1 1
github.com/zendev-sh/zenflow/cmd/zenflow/main.go:1453.13,1457.5 3 1
github.com/zendev-sh/zenflow/cmd/zenflow/main.go:1458.4,1458.16 1 1
github.com/zendev-sh/zenflow/cmd/zenflow/main.go:1459.22,1461.19 2 1
github.com/zendev-sh/zenflow/cmd/zenflow/main.go:1461.19,1465.5 3 1
github.com/zendev-sh/zenflow/cmd/zenflow/main.go:1466.4,1467.18 2 1
github.com/zendev-sh/zenflow/cmd/zenflow/main.go:1467.18,1471.5 3 1
github.com/zendev-sh/zenflow/cmd/zenflow/main.go:1472.4,1472.13 1 1
github.com/zendev-sh/zenflow/cmd/zenflow/main.go:1472.13,1476.5 3 1
github.com/zendev-sh/zenflow/cmd/zenflow/main.go:1477.4,1477.16 1 1
github.com/zendev-sh/zenflow/cmd/zenflow/main.go:1478.11,1479.33 1 1
github.com/zendev-sh/zenflow/cmd/zenflow/main.go:1484.2,1485.16 2 1
github.com/zendev-sh/zenflow/cmd/zenflow/main.go:1485.16,1489.3 3 1
github.com/zendev-sh/zenflow/cmd/zenflow/main.go:1490.2,1491.16 2 1
github.com/zendev-sh/zenflow/cmd/zenflow/main.go:1491.16,1495.3 3 1
github.com/zendev-sh/zenflow/cmd/zenflow/main.go:1497.2,1497.17 1 1
github.com/zendev-sh/zenflow/cmd/zenflow/main.go:1497.17,1501.3 3 1
github.com/zendev-sh/zenflow/cmd/zenflow/main.go:1502.2,1502.23 1 1
github.com/zendev-sh/zenflow/cmd/zenflow/main.go:1502.23,1506.3 3 1
github.com/zendev-sh/zenflow/cmd/zenflow/main.go:1507.2,1507.24 1 1
github.com/zendev-sh/zenflow/cmd/zenflow/main.go:1507.24,1511.3 3 1
github.com/zendev-sh/zenflow/cmd/zenflow/main.go:1512.2,1512.20 1 1
github.com/zendev-sh/zenflow/cmd/zenflow/main.go:1512.20,1516.3 3 1
github.com/zendev-sh/zenflow/cmd/zenflow/main.go:1517.2,1517.48 1 1
github.com/zendev-sh/zenflow/cmd/zenflow/main.go:1517.48,1521.3 3 1
github.com/zendev-sh/zenflow/cmd/zenflow/main.go:1521.8,1521.24 1 1
github.com/zendev-sh/zenflow/cmd/zenflow/main.go:1521.24,1523.3 1 1
github.com/zendev-sh/zenflow/cmd/zenflow/main.go:1524.2,1524.52 1 1
github.com/zendev-sh/zenflow/cmd/zenflow/main.go:1524.52,1528.3 3 1
github.com/zendev-sh/zenflow/cmd/zenflow/main.go:1530.2,1531.18 2 1
github.com/zendev-sh/zenflow/cmd/zenflow/main.go:1531.18,1533.3 1 1
github.com/zendev-sh/zenflow/cmd/zenflow/main.go:1534.2,1534.18 1 1
github.com/zendev-sh/zenflow/cmd/zenflow/main.go:1534.18,1536.3 1 1
github.com/zendev-sh/zenflow/cmd/zenflow/main.go:1538.2,1540.20 3 1
github.com/zendev-sh/zenflow/cmd/zenflow/main.go:1540.20,1544.3 3 1
github.com/zendev-sh/zenflow/cmd/zenflow/main.go:1545.2,1551.23 4 1
github.com/zendev-sh/zenflow/cmd/zenflow/main.go:1551.23,1555.3 3 1
github.com/zendev-sh/zenflow/cmd/zenflow/main.go:1556.2,1557.40 2 1
github.com/zendev-sh/zenflow/cmd/zenflow/main.go:1557.40,1559.3 1 1
github.com/zendev-sh/zenflow/cmd/zenflow/main.go:1560.2,1560.16 1 1
github.com/zendev-sh/zenflow/cmd/zenflow/main.go:1560.16,1564.3 3 1
github.com/zendev-sh/zenflow/cmd/zenflow/main.go:1567.2,1567.36 1 1
github.com/zendev-sh/zenflow/cmd/zenflow/main.go:1567.36,1569.3 1 1
github.com/zendev-sh/zenflow/cmd/zenflow/permission.go:77.34,79.2 1 1
github.com/zendev-sh/zenflow/cmd/zenflow/permission.go:91.82,93.33 2 1
github.com/zendev-sh/zenflow/cmd/zenflow/permission.go:93.33,94.18 1 1
github.com/zendev-sh/zenflow/cmd/zenflow/permission.go:95.17,96.18 1 1
github.com/zendev-sh/zenflow/cmd/zenflow/permission.go:97.19,98.20 1 1
github.com/zendev-sh/zenflow/cmd/zenflow/permission.go:99.20,100.21 1 1
github.com/zendev-sh/zenflow/cmd/zenflow/permission.go:101.18,103.22 2 1
github.com/zendev-sh/zenflow/cmd/zenflow/permission.go:103.22,105.5 1 1
github.com/zendev-sh/zenflow/cmd/zenflow/permission.go:106.4,106.32 1 1
github.com/zendev-sh/zenflow/cmd/zenflow/permission.go:107.17,109.22 2 1
github.com/zendev-sh/zenflow/cmd/zenflow/permission.go:109.22,111.5 1 1
github.com/zendev-sh/zenflow/cmd/zenflow/permission.go:112.4,112.31 1 1
github.com/zendev-sh/zenflow/cmd/zenflow/permission.go:113.11,114.42 1 1
github.com/zendev-sh/zenflow/cmd/zenflow/permission.go:117.2,117.16 1 1
github.com/zendev-sh/zenflow/cmd/zenflow/permission.go:117.16,118.14 1 1
github.com/zendev-sh/zenflow/cmd/zenflow/permission.go:118.14,120.4 1 1
github.com/zendev-sh/zenflow/cmd/zenflow/permission.go:125.3,126.29 2 1
github.com/zendev-sh/zenflow/cmd/zenflow/permission.go:126.29,127.42 1 1
github.com/zendev-sh/zenflow/cmd/zenflow/permission.go:127.42,128.15 1 1
github.com/zendev-sh/zenflow/cmd/zenflow/permission.go:128.15,130.6 1 1
github.com/zendev-sh/zenflow/cmd/zenflow/permission.go:133.3,133.25 1 1
github.com/zendev-sh/zenflow/cmd/zenflow/permission.go:133.25,135.4 1 1
github.com/zendev-sh/zenflow/cmd/zenflow/permission.go:137.3,145.28 6 1
github.com/zendev-sh/zenflow/cmd/zenflow/permission.go:145.28,146.19 1 1
github.com/zendev-sh/zenflow/cmd/zenflow/permission.go:146.19,148.5 1 1
github.com/zendev-sh/zenflow/cmd/zenflow/permission.go:150.3,150.22 1 1
github.com/zendev-sh/zenflow/cmd/zenflow/permission.go:152.2,152.27 1 1
github.com/zendev-sh/zenflow/cmd/zenflow/permission.go:157.34,159.42 2 1
github.com/zendev-sh/zenflow/cmd/zenflow/permission.go:159.42,161.14 2 1
github.com/zendev-sh/zenflow/cmd/zenflow/permission.go:161.14,163.4 1 1
github.com/zendev-sh/zenflow/cmd/zenflow/permission.go:165.2,165.12 1 1
github.com/zendev-sh/zenflow/cmd/zenflow/permission.go:193.110,201.2 1 1
github.com/zendev-sh/zenflow/cmd/zenflow/permission.go:211.116,212.18 1 1
github.com/zendev-sh/zenflow/cmd/zenflow/permission.go:212.18,214.3 1 1
github.com/zendev-sh/zenflow/cmd/zenflow/permission.go:215.2,215.46 1 1
github.com/zendev-sh/zenflow/cmd/zenflow/permission.go:215.46,217.3 1 1
github.com/zendev-sh/zenflow/cmd/zenflow/permission.go:218.2,218.47 1 1
github.com/zendev-sh/zenflow/cmd/zenflow/permission.go:218.47,220.3 1 1
github.com/zendev-sh/zenflow/cmd/zenflow/permission.go:221.2,221.20 1 1
github.com/zendev-sh/zenflow/cmd/zenflow/permission.go:221.20,223.3 1 1
github.com/zendev-sh/zenflow/cmd/zenflow/permission.go:226.2,227.33 2 1
github.com/zendev-sh/zenflow/cmd/zenflow/permission.go:227.33,230.3 2 1
github.com/zendev-sh/zenflow/cmd/zenflow/permission.go:231.2,233.14 2 1
github.com/zendev-sh/zenflow/cmd/zenflow/permission.go:233.14,235.3 1 1
github.com/zendev-sh/zenflow/cmd/zenflow/permission.go:236.2,236.27 1 1
github.com/zendev-sh/zenflow/cmd/zenflow/permission.go:254.105,260.33 3 1
github.com/zendev-sh/zenflow/cmd/zenflow/permission.go:260.33,262.3 1 1
github.com/zendev-sh/zenflow/cmd/zenflow/permission.go:264.2,274.46 3 1
github.com/zendev-sh/zenflow/cmd/zenflow/permission.go:274.46,278.13 3 1
github.com/zendev-sh/zenflow/cmd/zenflow/permission.go:278.13,283.4 4 1
github.com/zendev-sh/zenflow/cmd/zenflow/permission.go:286.3,286.13 1 1
github.com/zendev-sh/zenflow/cmd/zenflow/permission.go:286.13,287.11 1 1
github.com/zendev-sh/zenflow/cmd/zenflow/permission.go:288.22,290.39 1 1
github.com/zendev-sh/zenflow/cmd/zenflow/permission.go:291.16,291.16 0 1
github.com/zendev-sh/zenflow/cmd/zenflow/permission.go:296.3,300.23 3 1
github.com/zendev-sh/zenflow/cmd/zenflow/permission.go:300.23,302.4 1 1
github.com/zendev-sh/zenflow/cmd/zenflow/permission.go:303.3,303.42 1 1
github.com/zendev-sh/zenflow/cmd/zenflow/permission.go:303.42,305.4 1 1
github.com/zendev-sh/zenflow/cmd/zenflow/permission.go:306.3,306.55 1 1
github.com/zendev-sh/zenflow/cmd/zenflow/permission.go:307.19,308.20 1 1
github.com/zendev-sh/zenflow/cmd/zenflow/permission.go:309.22,311.20 2 1
github.com/zendev-sh/zenflow/cmd/zenflow/permission.go:312.11,313.68 1 1
github.com/zendev-sh/zenflow/cmd/zenflow/permission.go:322.2,324.12 3 1
github.com/zendev-sh/zenflow/cmd/zenflow/permission.go:324.12,327.3 2 1
github.com/zendev-sh/zenflow/cmd/zenflow/permission.go:329.2,330.9 2 1
github.com/zendev-sh/zenflow/cmd/zenflow/permission.go:331.20,332.73 1 1
github.com/zendev-sh/zenflow/cmd/zenflow/permission.go:333.19,334.42 1 1
github.com/zendev-sh/zenflow/cmd/zenflow/permission.go:334.42,336.4 1 1
github.com/zendev-sh/zenflow/cmd/zenflow/permission.go:337.3,337.18 1 1
github.com/zendev-sh/zenflow/cmd/zenflow/permission.go:340.2,340.50 1 1
github.com/zendev-sh/zenflow/cmd/zenflow/permission.go:341.18,342.19 1 1
github.com/zendev-sh/zenflow/cmd/zenflow/permission.go:343.21,345.19 2 1
github.com/zendev-sh/zenflow/cmd/zenflow/permission.go:346.10,347.67 1 1
github.com/zendev-sh/zenflow/cmd/zenflow/permission.go:353.52,354.25 1 1
github.com/zendev-sh/zenflow/cmd/zenflow/permission.go:354.25,355.16 1 1
github.com/zendev-sh/zenflow/cmd/zenflow/permission.go:355.16,357.4 1 1
github.com/zendev-sh/zenflow/cmd/zenflow/permission.go:359.2,359.14 1 1
github.com/zendev-sh/zenflow/cmd/zenflow/permission.go:365.30,367.14 2 1
github.com/zendev-sh/zenflow/cmd/zenflow/permission.go:367.14,369.3 1 1
github.com/zendev-sh/zenflow/cmd/zenflow/permission.go:370.2,371.16 2 1
github.com/zendev-sh/zenflow/cmd/zenflow/permission.go:371.16,373.3 1 1
github.com/zendev-sh/zenflow/cmd/zenflow/permission.go:374.2,374.47 1 1
github.com/zendev-sh/zenflow/cmd/zenflow/signals.go:43.44,44.29 1 1
github.com/zendev-sh/zenflow/cmd/zenflow/signals.go:44.29,51.3 1 1
github.com/zendev-sh/zenflow/cmd/zenflow/signals.go:55.2,55.31 1 1
github.com/zendev-sh/zenflow/cmd/zenflow/signals.go:73.74,76.20 3 1
github.com/zendev-sh/zenflow/cmd/zenflow/signals.go:76.20,82.3 1 1
github.com/zendev-sh/zenflow/cmd/zenflow/signals.go:83.2,86.12 4 1
github.com/zendev-sh/zenflow/cmd/zenflow/signals.go:86.12,94.10 3 1
github.com/zendev-sh/zenflow/cmd/zenflow/signals.go:94.10,96.4 1 1
github.com/zendev-sh/zenflow/cmd/zenflow/signals.go:97.3,103.10 4 1
github.com/zendev-sh/zenflow/cmd/zenflow/signals.go:103.10,105.4 1 1
github.com/zendev-sh/zenflow/cmd/zenflow/signals.go:106.3,107.12 2 1
github.com/zendev-sh/zenflow/cmd/zenflow/signals.go:109.2,109.21 1 1
github.com/zendev-sh/zenflow/cmd/zenflow/signals.go:109.21,118.3 4 1
github.com/zendev-sh/zenflow/cmd/zenflow/signals_unix.go:19.41,21.2 1 1
